c:\users\rebo\desktop\practica4tpv\proyectossdl (1)\proyectossdl\proyectossdl\holasdl\debug\vc140.pdb
c:\users\rebo\desktop\practica4tpv\proyectossdl (1)\proyectossdl\proyectossdl\holasdl\debug\vc140.idb
c:\users\rebo\desktop\practica4tpv\proyectossdl (1)\proyectossdl\proyectossdl\holasdl\debug\inputcomponent.obj
c:\users\rebo\desktop\practica4tpv\proyectossdl (1)\proyectossdl\proyectossdl\holasdl\debug\liverenderer.obj
c:\users\rebo\desktop\practica4tpv\proyectossdl (1)\proyectossdl\proyectossdl\holasdl\debug\main.obj
c:\users\rebo\desktop\practica4tpv\proyectossdl (1)\proyectossdl\proyectossdl\holasdl\debug\music.obj
c:\users\rebo\desktop\practica4tpv\proyectossdl (1)\proyectossdl\proyectossdl\holasdl\debug\myinputcomp.obj
c:\users\rebo\desktop\practica4tpv\proyectossdl (1)\proyectossdl\proyectossdl\holasdl\debug\circularmotionphysics.obj
c:\users\rebo\desktop\practica4tpv\proyectossdl (1)\proyectossdl\proyectossdl\holasdl\debug\observable.obj
c:\users\rebo\desktop\practica4tpv\proyectossdl (1)\proyectossdl\proyectossdl\holasdl\debug\observer.obj
c:\users\rebo\desktop\practica4tpv\proyectossdl (1)\proyectossdl\proyectossdl\holasdl\debug\physicscomponent.obj
c:\users\rebo\desktop\practica4tpv\proyectossdl (1)\proyectossdl\proyectossdl\holasdl\debug\rendercomponent.obj
c:\users\rebo\desktop\practica4tpv\proyectossdl (1)\proyectossdl\proyectossdl\holasdl\debug\resources.obj
c:\users\rebo\desktop\practica4tpv\proyectossdl (1)\proyectossdl\proyectossdl\holasdl\debug\rotationphysics.obj
c:\users\rebo\desktop\practica4tpv\proyectossdl (1)\proyectossdl\proyectossdl\holasdl\debug\scorerenderer.obj
c:\users\rebo\desktop\practica4tpv\proyectossdl (1)\proyectossdl\proyectossdl\holasdl\debug\sdlgame.obj
c:\users\rebo\desktop\practica4tpv\proyectossdl (1)\proyectossdl\proyectossdl\holasdl\debug\skeletonrenderer.obj
c:\users\rebo\desktop\practica4tpv\proyectossdl (1)\proyectossdl\proyectossdl\holasdl\debug\soundeffect.obj
c:\users\rebo\desktop\practica4tpv\proyectossdl (1)\proyectossdl\proyectossdl\holasdl\debug\soundmanager.obj
c:\users\rebo\desktop\practica4tpv\proyectossdl (1)\proyectossdl\proyectossdl\holasdl\debug\startrekbulletmanager.obj
c:\users\rebo\desktop\practica4tpv\proyectossdl (1)\proyectossdl\proyectossdl\holasdl\debug\texture.obj
c:\users\rebo\desktop\practica4tpv\proyectossdl (1)\proyectossdl\proyectossdl\holasdl\debug\vector2d.obj
c:\users\rebo\desktop\practica4tpv\proyectossdl (1)\proyectossdl\proyectossdl\holasdl\debug\badgetimer.obj
c:\users\rebo\desktop\practica4tpv\proyectossdl (1)\proyectossdl\proyectossdl\holasdl\debug\basickbctrlcomponent.obj
c:\users\rebo\desktop\practica4tpv\proyectossdl (1)\proyectossdl\proyectossdl\holasdl\debug\basicmotionphysics.obj
c:\users\rebo\desktop\practica4tpv\proyectossdl (1)\proyectossdl\proyectossdl\holasdl\debug\bullet.obj
c:\users\rebo\desktop\practica4tpv\proyectossdl (1)\proyectossdl\proyectossdl\holasdl\debug\bulletsmanager.obj
c:\users\rebo\desktop\practica4tpv\proyectossdl (1)\proyectossdl\proyectossdl\holasdl\debug\collisionmanager.obj
c:\users\rebo\desktop\practica4tpv\proyectossdl (1)\proyectossdl\proyectossdl\holasdl\debug\collisions.obj
c:\users\rebo\desktop\practica4tpv\proyectossdl (1)\proyectossdl\proyectossdl\holasdl\debug\demoactor.obj
c:\users\rebo\desktop\practica4tpv\proyectossdl (1)\proyectossdl\proyectossdl\holasdl\debug\examplegame.obj
c:\users\rebo\desktop\practica4tpv\proyectossdl (1)\proyectossdl\proyectossdl\holasdl\debug\fighter.obj
c:\users\rebo\desktop\practica4tpv\proyectossdl (1)\proyectossdl\proyectossdl\holasdl\debug\fightersmanager.obj
c:\users\rebo\desktop\practica4tpv\proyectossdl (1)\proyectossdl\proyectossdl\holasdl\debug\fillrectrenderer.obj
c:\users\rebo\desktop\practica4tpv\proyectossdl (1)\proyectossdl\proyectossdl\holasdl\debug\font.obj
c:\users\rebo\desktop\practica4tpv\proyectossdl (1)\proyectossdl\proyectossdl\holasdl\debug\container.obj
c:\users\rebo\desktop\practica4tpv\proyectossdl (1)\proyectossdl\proyectossdl\holasdl\debug\gamectrlinputcomponent.obj
c:\users\rebo\desktop\practica4tpv\proyectossdl (1)\proyectossdl\proyectossdl\holasdl\debug\gamemanager.obj
c:\users\rebo\desktop\practica4tpv\proyectossdl (1)\proyectossdl\proyectossdl\holasdl\debug\gamemsgrenderer.obj
c:\users\rebo\desktop\practica4tpv\proyectossdl (1)\proyectossdl\proyectossdl\holasdl\debug\gameobject.obj
c:\users\rebo\desktop\practica4tpv\proyectossdl (1)\proyectossdl\proyectossdl\holasdl\debug\guninputcomponent.obj
c:\users\rebo\desktop\practica4tpv\proyectossdl (1)\proyectossdl\proyectossdl\holasdl\debug\imagerenderer.obj
c:\users\rebo\desktop\practica4tpv\proyectossdl (1)\proyectossdl\proyectossdl\holasdl\debug\accelerationimputcomponent.obj
c:\users\rebo\desktop\practica4tpv\proyectossdl (1)\proyectossdl\proyectossdl\holasdl\debug\asteroid.obj
c:\users\rebo\desktop\practica4tpv\proyectossdl (1)\proyectossdl\proyectossdl\holasdl\debug\asteroidsmanager.obj
c:\users\rebo\desktop\practica4tpv\proyectossdl (1)\proyectossdl\proyectossdl\holasdl\debug\badgerenderer.obj
c:\users\rebo\desktop\practica4tpv\proyectossdl (1)\proyectossdl\proyectossdl\bin\holasdldebug.lib
c:\users\rebo\desktop\practica4tpv\proyectossdl (1)\proyectossdl\proyectossdl\bin\holasdldebug.exp
c:\users\rebo\desktop\practica4tpv\proyectossdl (1)\proyectossdl\proyectossdl\bin\holasdldebug.ilk
c:\users\rebo\desktop\practica4tpv\proyectossdl (1)\proyectossdl\proyectossdl\bin\holasdldebug.exe
c:\users\rebo\desktop\practica4tpv\proyectossdl (1)\proyectossdl\proyectossdl\bin\holasdldebug.pdb
c:\users\rebo\desktop\practica4tpv\proyectossdl (1)\proyectossdl\proyectossdl\holasdl\debug\holasdl.tlog\cl.command.1.tlog
c:\users\rebo\desktop\practica4tpv\proyectossdl (1)\proyectossdl\proyectossdl\holasdl\debug\holasdl.tlog\cl.read.1.tlog
c:\users\rebo\desktop\practica4tpv\proyectossdl (1)\proyectossdl\proyectossdl\holasdl\debug\holasdl.tlog\cl.write.1.tlog
c:\users\rebo\desktop\practica4tpv\proyectossdl (1)\proyectossdl\proyectossdl\holasdl\debug\holasdl.tlog\holasdl.write.1u.tlog
c:\users\rebo\desktop\practica4tpv\proyectossdl (1)\proyectossdl\proyectossdl\holasdl\debug\holasdl.tlog\link.command.1.tlog
c:\users\rebo\desktop\practica4tpv\proyectossdl (1)\proyectossdl\proyectossdl\holasdl\debug\holasdl.tlog\link.read.1.tlog
c:\users\rebo\desktop\practica4tpv\proyectossdl (1)\proyectossdl\proyectossdl\holasdl\debug\holasdl.tlog\link.write.1.tlog
